<?xml version="1.0" encoding="UTF-8"?>
<testng-results ignored="0" total="3" passed="3" failed="0" skipped="0">
  <reporter-output>
  </reporter-output>
  <suite started-at="2022-03-04T18:06:23 IST" name="Default suite" finished-at="2022-03-04T18:06:23 IST" duration-ms="132">
    <groups>
    </groups>
    <test started-at="2022-03-04T18:06:23 IST" name="Default test" finished-at="2022-03-04T18:06:23 IST" duration-ms="132">
      <class name="selenium.TestNGDemo">
        <test-method signature="Login()[pri:1, instance:selenium.TestNGDemo@759d26fb]" started-at="2022-03-04T18:06:23 IST" name="Login" finished-at="2022-03-04T18:06:23 IST" duration-ms="14" status="PASS">
          <reporter-output>
          </reporter-output>
        </test-method> <!-- Login -->
        <test-method signature="Admin()[pri:2, instance:selenium.TestNGDemo@759d26fb]" started-at="2022-03-04T18:06:23 IST" name="Admin" finished-at="2022-03-04T18:06:23 IST" duration-ms="3" status="PASS">
          <reporter-output>
          </reporter-output>
        </test-method> <!-- Admin -->
        <test-method signature="Logout()[pri:3, instance:selenium.TestNGDemo@759d26fb]" started-at="2022-03-04T18:06:23 IST" name="Logout" finished-at="2022-03-04T18:06:23 IST" duration-ms="2" status="PASS">
          <reporter-output>
          </reporter-output>
        </test-method> <!-- Logout -->
      </class> <!-- selenium.TestNGDemo -->
    </test> <!-- Default test -->
  </suite> <!-- Default suite -->
</testng-results>
